<?xml version="1.0" encoding="UTF-8"?>
<testsuite xmlns:xsi="http://www.w3.org/2001/XMLSchema-instance" xsi:noNamespaceSchemaLocation="https://maven.apache.org/surefire/maven-surefire-plugin/xsd/surefire-test-report-3.0.xsd" version="3.0" name="com.tanishk.auxalis.TestConstellationCorpus" time="0.006" tests="1" errors="0" skipped="0" failures="0">
  <properties>
    <property name="sun.desktop" value="windows"/>
    <property name="awt.toolkit" value="sun.awt.windows.WToolkit"/>
    <property name="java.specification.version" value="11"/>
    <property name="sun.cpu.isalist" value="amd64"/>
    <property name="sun.jnu.encoding" value="Cp1252"/>
    <property name="java.class.path" value="C:\Users\Asus\Downloads\auxalis\target\test-classes;C:\Users\Asus\Downloads\auxalis\target\classes;C:\Users\Asus\.m2\repository\junit\junit\4.4\junit-4.4.jar;C:\Users\Asus\.m2\repository\org\json\json\20090211\json-20090211.jar;C:\Users\Asus\.m2\repository\org\slf4j\slf4j-api\1.7.5\slf4j-api-1.7.5.jar;C:\Users\Asus\.m2\repository\org\slf4j\slf4j-log4j12\1.7.5\slf4j-log4j12-1.7.5.jar;C:\Users\Asus\.m2\repository\log4j\log4j\1.2.17\log4j-1.2.17.jar;C:\Users\Asus\.m2\repository\commons-lang\commons-lang\2.6\commons-lang-2.6.jar;C:\Users\Asus\.m2\repository\commons-codec\commons-codec\1.8\commons-codec-1.8.jar;C:\Users\Asus\.m2\repository\org\eclipse\jgit\org.eclipse.jgit\2.3.1.201302201838-r\org.eclipse.jgit-2.3.1.201302201838-r.jar;C:\Users\Asus\.m2\repository\com\jcraft\jsch\0.1.46\jsch-0.1.46.jar;C:\Users\Asus\.m2\repository\commons-io\commons-io\2.4\commons-io-2.4.jar;C:\Users\Asus\.m2\repository\com\google\guava\guava\14.0.1\guava-14.0.1.jar;C:\Users\Asus\.m2\repository\jfree\jfreechart\1.0.13\jfreechart-1.0.13.jar;C:\Users\Asus\.m2\repository\jfree\jcommon\1.0.16\jcommon-1.0.16.jar;C:\Users\Asus\.m2\repository\org\apache\httpcomponents\httpclient\4.2.5\httpclient-4.2.5.jar;C:\Users\Asus\.m2\repository\org\apache\httpcomponents\httpcore\4.2.4\httpcore-4.2.4.jar;C:\Users\Asus\.m2\repository\commons-logging\commons-logging\1.1.1\commons-logging-1.1.1.jar;C:\Users\Asus\.m2\repository\org\eclipse\mylyn\github\org.eclipse.egit.github.core\2.1.5\org.eclipse.egit.github.core-2.1.5.jar;C:\Users\Asus\.m2\repository\com\google\code\gson\gson\2.2.2\gson-2.2.2.jar;C:\Users\Asus\.m2\repository\org\hibernate\hibernate-core\3.5.4-Final\hibernate-core-3.5.4-Final.jar;C:\Users\Asus\.m2\repository\antlr\antlr\2.7.6\antlr-2.7.6.jar;C:\Users\Asus\.m2\repository\commons-collections\commons-collections\3.1\commons-collections-3.1.jar;C:\Users\Asus\.m2\repository\dom4j\dom4j\1.6.1\dom4j-1.6.1.jar;C:\Users\Asus\.m2\repository\xml-apis\xml-apis\1.0.b2\xml-apis-1.0.b2.jar;C:\Users\Asus\.m2\repository\javax\transaction\jta\1.1\jta-1.1.jar;C:\Users\Asus\.m2\repository\org\hibernate\hibernate-c3p0\3.5.4-Final\hibernate-c3p0-3.5.4-Final.jar;C:\Users\Asus\.m2\repository\c3p0\c3p0\0.9.1\c3p0-0.9.1.jar;C:\Users\Asus\.m2\repository\mysql\mysql-connector-java\5.1.25\mysql-connector-java-5.1.25.jar;C:\Users\Asus\.m2\repository\org\hibernate\hibernate-annotations\3.5.4-Final\hibernate-annotations-3.5.4-Final.jar;C:\Users\Asus\.m2\repository\org\hibernate\hibernate-commons-annotations\3.2.0.Final\hibernate-commons-annotations-3.2.0.Final.jar;C:\Users\Asus\.m2\repository\org\hibernate\javax\persistence\hibernate-jpa-2.0-api\1.0.0.Final\hibernate-jpa-2.0-api-1.0.0.Final.jar;C:\Users\Asus\.m2\repository\javassist\javassist\3.12.1.GA\javassist-3.12.1.GA.jar;C:\Users\Asus\.m2\repository\org\eclipse\jetty\aggregate\jetty-all-server\8.1.10.v20130312\jetty-all-server-8.1.10.v20130312.jar;C:\Users\Asus\.m2\repository\org\eclipse\jetty\orbit\javax.servlet\3.0.0.v201112011016\javax.servlet-3.0.0.v201112011016.jar;C:\Users\Asus\.m2\repository\org\eclipse\jetty\orbit\javax.security.auth.message\1.0.0.v201108011116\javax.security.auth.message-1.0.0.v201108011116.jar;C:\Users\Asus\.m2\repository\org\eclipse\jetty\orbit\javax.mail.glassfish\1.4.1.v201005082020\javax.mail.glassfish-1.4.1.v201005082020.jar;C:\Users\Asus\.m2\repository\org\eclipse\jetty\orbit\javax.activation\1.1.0.v201105071233\javax.activation-1.1.0.v201105071233.jar;C:\Users\Asus\.m2\repository\org\eclipse\jetty\orbit\javax.annotation\1.1.0.v201108011116\javax.annotation-1.1.0.v201108011116.jar;C:\Users\Asus\.m2\repository\org\eclipse\jetty\aggregate\jetty-webapp\8.1.10.v20130312\jetty-webapp-8.1.10.v20130312.jar;C:\Users\Asus\.m2\repository\org\eclipse\jetty\jetty-server\8.1.10.v20130312\jetty-server-8.1.10.v20130312.jar;C:\Users\Asus\.m2\repository\org\eclipse\jetty\jetty-continuation\8.1.10.v20130312\jetty-continuation-8.1.10.v20130312.jar;C:\Users\Asus\.m2\repository\org\eclipse\jetty\jetty-http\8.1.10.v20130312\jetty-http-8.1.10.v20130312.jar;C:\Users\Asus\.m2\repository\org\eclipse\jetty\jetty-io\8.1.10.v20130312\jetty-io-8.1.10.v20130312.jar;C:\Users\Asus\.m2\repository\org\eclipse\jetty\jetty-servlets\8.1.10.v20130312\jetty-servlets-8.1.10.v20130312.jar;C:\Users\Asus\.m2\repository\org\eclipse\jetty\jetty-client\8.1.10.v20130312\jetty-client-8.1.10.v20130312.jar;C:\Users\Asus\.m2\repository\org\eclipse\jetty\jetty-util\8.1.10.v20130312\jetty-util-8.1.10.v20130312.jar;C:\Users\Asus\.m2\repository\org\eclipse\jetty\jetty-webapp\8.1.10.v20130312\jetty-webapp-8.1.10.v20130312.jar;C:\Users\Asus\.m2\repository\org\eclipse\jetty\jetty-xml\8.1.10.v20130312\jetty-xml-8.1.10.v20130312.jar;C:\Users\Asus\.m2\repository\org\eclipse\jetty\jetty-servlet\8.1.10.v20130312\jetty-servlet-8.1.10.v20130312.jar;C:\Users\Asus\.m2\repository\org\eclipse\jetty\jetty-security\8.1.10.v20130312\jetty-security-8.1.10.v20130312.jar;C:\Users\Asus\.m2\repository\org\eclipse\jetty\jetty-jsp-2.1\7.5.4.v20111024\jetty-jsp-2.1-7.5.4.v20111024.jar;C:\Users\Asus\.m2\repository\org\eclipse\jetty\orbit\org.apache.jasper.glassfish\2.2.2.v201112011158\org.apache.jasper.glassfish-2.2.2.v201112011158.jar;C:\Users\Asus\.m2\repository\org\eclipse\jetty\orbit\javax.servlet.jsp\2.2.0.v201112011158\javax.servlet.jsp-2.2.0.v201112011158.jar;C:\Users\Asus\.m2\repository\org\glassfish\web\el-impl\2.2\el-impl-2.2.jar;C:\Users\Asus\.m2\repository\javax\servlet\jsp\jsp-api\2.2\jsp-api-2.2.jar;C:\Users\Asus\.m2\repository\javax\el\el-api\2.2\el-api-2.2.jar;C:\Users\Asus\.m2\repository\jstl\jstl\1.2\jstl-1.2.jar;C:\Users\Asus\.m2\repository\org\jsoup\jsoup\1.7.2\jsoup-1.7.2.jar;C:\Users\Asus\.m2\repository\org\apache\commons\commons-math3\3.2\commons-math3-3.2.jar;"/>
    <property name="java.vm.vendor" value="Oracle Corporation"/>
    <property name="sun.arch.data.model" value="64"/>
    <property name="user.variant" value=""/>
    <property name="java.vendor.url" value="https://openjdk.java.net/"/>
    <property name="user.timezone" value="Asia/Calcutta"/>
    <property name="java.vm.specification.version" value="11"/>
    <property name="os.name" value="Windows 11"/>
    <property name="sun.java.launcher" value="SUN_STANDARD"/>
    <property name="user.country" value="IN"/>
    <property name="sun.boot.library.path" value="C:\Program Files\Java\jdk-11\bin"/>
    <property name="sun.java.command" value="C:\Users\Asus\AppData\Local\Temp\surefire3565862135160888694\surefirebooter-20241006230126406_3.jar C:\Users\Asus\AppData\Local\Temp\surefire3565862135160888694 2024-10-06T23-01-26_080-jvmRun1 surefire-20241006230126406_1tmp surefire_0-20241006230126406_2tmp"/>
    <property name="jdk.debug" value="release"/>
    <property name="surefire.test.class.path" value="C:\Users\Asus\Downloads\auxalis\target\test-classes;C:\Users\Asus\Downloads\auxalis\target\classes;C:\Users\Asus\.m2\repository\junit\junit\4.4\junit-4.4.jar;C:\Users\Asus\.m2\repository\org\json\json\20090211\json-20090211.jar;C:\Users\Asus\.m2\repository\org\slf4j\slf4j-api\1.7.5\slf4j-api-1.7.5.jar;C:\Users\Asus\.m2\repository\org\slf4j\slf4j-log4j12\1.7.5\slf4j-log4j12-1.7.5.jar;C:\Users\Asus\.m2\repository\log4j\log4j\1.2.17\log4j-1.2.17.jar;C:\Users\Asus\.m2\repository\commons-lang\commons-lang\2.6\commons-lang-2.6.jar;C:\Users\Asus\.m2\repository\commons-codec\commons-codec\1.8\commons-codec-1.8.jar;C:\Users\Asus\.m2\repository\org\eclipse\jgit\org.eclipse.jgit\2.3.1.201302201838-r\org.eclipse.jgit-2.3.1.201302201838-r.jar;C:\Users\Asus\.m2\repository\com\jcraft\jsch\0.1.46\jsch-0.1.46.jar;C:\Users\Asus\.m2\repository\commons-io\commons-io\2.4\commons-io-2.4.jar;C:\Users\Asus\.m2\repository\com\google\guava\guava\14.0.1\guava-14.0.1.jar;C:\Users\Asus\.m2\repository\jfree\jfreechart\1.0.13\jfreechart-1.0.13.jar;C:\Users\Asus\.m2\repository\jfree\jcommon\1.0.16\jcommon-1.0.16.jar;C:\Users\Asus\.m2\repository\org\apache\httpcomponents\httpclient\4.2.5\httpclient-4.2.5.jar;C:\Users\Asus\.m2\repository\org\apache\httpcomponents\httpcore\4.2.4\httpcore-4.2.4.jar;C:\Users\Asus\.m2\repository\commons-logging\commons-logging\1.1.1\commons-logging-1.1.1.jar;C:\Users\Asus\.m2\repository\org\eclipse\mylyn\github\org.eclipse.egit.github.core\2.1.5\org.eclipse.egit.github.core-2.1.5.jar;C:\Users\Asus\.m2\repository\com\google\code\gson\gson\2.2.2\gson-2.2.2.jar;C:\Users\Asus\.m2\repository\org\hibernate\hibernate-core\3.5.4-Final\hibernate-core-3.5.4-Final.jar;C:\Users\Asus\.m2\repository\antlr\antlr\2.7.6\antlr-2.7.6.jar;C:\Users\Asus\.m2\repository\commons-collections\commons-collections\3.1\commons-collections-3.1.jar;C:\Users\Asus\.m2\repository\dom4j\dom4j\1.6.1\dom4j-1.6.1.jar;C:\Users\Asus\.m2\repository\xml-apis\xml-apis\1.0.b2\xml-apis-1.0.b2.jar;C:\Users\Asus\.m2\repository\javax\transaction\jta\1.1\jta-1.1.jar;C:\Users\Asus\.m2\repository\org\hibernate\hibernate-c3p0\3.5.4-Final\hibernate-c3p0-3.5.4-Final.jar;C:\Users\Asus\.m2\repository\c3p0\c3p0\0.9.1\c3p0-0.9.1.jar;C:\Users\Asus\.m2\repository\mysql\mysql-connector-java\5.1.25\mysql-connector-java-5.1.25.jar;C:\Users\Asus\.m2\repository\org\hibernate\hibernate-annotations\3.5.4-Final\hibernate-annotations-3.5.4-Final.jar;C:\Users\Asus\.m2\repository\org\hibernate\hibernate-commons-annotations\3.2.0.Final\hibernate-commons-annotations-3.2.0.Final.jar;C:\Users\Asus\.m2\repository\org\hibernate\javax\persistence\hibernate-jpa-2.0-api\1.0.0.Final\hibernate-jpa-2.0-api-1.0.0.Final.jar;C:\Users\Asus\.m2\repository\javassist\javassist\3.12.1.GA\javassist-3.12.1.GA.jar;C:\Users\Asus\.m2\repository\org\eclipse\jetty\aggregate\jetty-all-server\8.1.10.v20130312\jetty-all-server-8.1.10.v20130312.jar;C:\Users\Asus\.m2\repository\org\eclipse\jetty\orbit\javax.servlet\3.0.0.v201112011016\javax.servlet-3.0.0.v201112011016.jar;C:\Users\Asus\.m2\repository\org\eclipse\jetty\orbit\javax.security.auth.message\1.0.0.v201108011116\javax.security.auth.message-1.0.0.v201108011116.jar;C:\Users\Asus\.m2\repository\org\eclipse\jetty\orbit\javax.mail.glassfish\1.4.1.v201005082020\javax.mail.glassfish-1.4.1.v201005082020.jar;C:\Users\Asus\.m2\repository\org\eclipse\jetty\orbit\javax.activation\1.1.0.v201105071233\javax.activation-1.1.0.v201105071233.jar;C:\Users\Asus\.m2\repository\org\eclipse\jetty\orbit\javax.annotation\1.1.0.v201108011116\javax.annotation-1.1.0.v201108011116.jar;C:\Users\Asus\.m2\repository\org\eclipse\jetty\aggregate\jetty-webapp\8.1.10.v20130312\jetty-webapp-8.1.10.v20130312.jar;C:\Users\Asus\.m2\repository\org\eclipse\jetty\jetty-server\8.1.10.v20130312\jetty-server-8.1.10.v20130312.jar;C:\Users\Asus\.m2\repository\org\eclipse\jetty\jetty-continuation\8.1.10.v20130312\jetty-continuation-8.1.10.v20130312.jar;C:\Users\Asus\.m2\repository\org\eclipse\jetty\jetty-http\8.1.10.v20130312\jetty-http-8.1.10.v20130312.jar;C:\Users\Asus\.m2\repository\org\eclipse\jetty\jetty-io\8.1.10.v20130312\jetty-io-8.1.10.v20130312.jar;C:\Users\Asus\.m2\repository\org\eclipse\jetty\jetty-servlets\8.1.10.v20130312\jetty-servlets-8.1.10.v20130312.jar;C:\Users\Asus\.m2\repository\org\eclipse\jetty\jetty-client\8.1.10.v20130312\jetty-client-8.1.10.v20130312.jar;C:\Users\Asus\.m2\repository\org\eclipse\jetty\jetty-util\8.1.10.v20130312\jetty-util-8.1.10.v20130312.jar;C:\Users\Asus\.m2\repository\org\eclipse\jetty\jetty-webapp\8.1.10.v20130312\jetty-webapp-8.1.10.v20130312.jar;C:\Users\Asus\.m2\repository\org\eclipse\jetty\jetty-xml\8.1.10.v20130312\jetty-xml-8.1.10.v20130312.jar;C:\Users\Asus\.m2\repository\org\eclipse\jetty\jetty-servlet\8.1.10.v20130312\jetty-servlet-8.1.10.v20130312.jar;C:\Users\Asus\.m2\repository\org\eclipse\jetty\jetty-security\8.1.10.v20130312\jetty-security-8.1.10.v20130312.jar;C:\Users\Asus\.m2\repository\org\eclipse\jetty\jetty-jsp-2.1\7.5.4.v20111024\jetty-jsp-2.1-7.5.4.v20111024.jar;C:\Users\Asus\.m2\repository\org\eclipse\jetty\orbit\org.apache.jasper.glassfish\2.2.2.v201112011158\org.apache.jasper.glassfish-2.2.2.v201112011158.jar;C:\Users\Asus\.m2\repository\org\eclipse\jetty\orbit\javax.servlet.jsp\2.2.0.v201112011158\javax.servlet.jsp-2.2.0.v201112011158.jar;C:\Users\Asus\.m2\repository\org\glassfish\web\el-impl\2.2\el-impl-2.2.jar;C:\Users\Asus\.m2\repository\javax\servlet\jsp\jsp-api\2.2\jsp-api-2.2.jar;C:\Users\Asus\.m2\repository\javax\el\el-api\2.2\el-api-2.2.jar;C:\Users\Asus\.m2\repository\jstl\jstl\1.2\jstl-1.2.jar;C:\Users\Asus\.m2\repository\org\jsoup\jsoup\1.7.2\jsoup-1.7.2.jar;C:\Users\Asus\.m2\repository\org\apache\commons\commons-math3\3.2\commons-math3-3.2.jar;"/>
    <property name="sun.cpu.endian" value="little"/>
    <property name="user.home" value="C:\Users\Asus"/>
    <property name="user.language" value="en"/>
    <property name="java.specification.vendor" value="Oracle Corporation"/>
    <property name="java.version.date" value="2024-07-16"/>
    <property name="java.home" value="C:\Program Files\Java\jdk-11"/>
    <property name="file.separator" value="\"/>
    <property name="basedir" value="C:\Users\Asus\Downloads\auxalis"/>
    <property name="java.vm.compressedOopsMode" value="32-bit"/>
    <property name="line.separator" value="&#10;"/>
    <property name="java.specification.name" value="Java Platform API Specification"/>
    <property name="java.vm.specification.vendor" value="Oracle Corporation"/>
    <property name="java.awt.graphicsenv" value="sun.awt.Win32GraphicsEnvironment"/>
    <property name="surefire.real.class.path" value="C:\Users\Asus\AppData\Local\Temp\surefire3565862135160888694\surefirebooter-20241006230126406_3.jar"/>
    <property name="user.script" value=""/>
    <property name="sun.management.compiler" value="HotSpot 64-Bit Tiered Compilers"/>
    <property name="java.runtime.version" value="11.0.24+7-LTS-271"/>
    <property name="user.name" value="Asus"/>
    <property name="path.separator" value=";"/>
    <property name="os.version" value="10.0"/>
    <property name="java.runtime.name" value="Java(TM) SE Runtime Environment"/>
    <property name="file.encoding" value="Cp1252"/>
    <property name="java.vm.name" value="Java HotSpot(TM) 64-Bit Server VM"/>
    <property name="java.vendor.version" value="18.9"/>
    <property name="localRepository" value="C:\Users\Asus\.m2\repository"/>
    <property name="java.vendor.url.bug" value="https://bugreport.java.com/bugreport/"/>
    <property name="java.io.tmpdir" value="C:\Users\Asus\AppData\Local\Temp\"/>
    <property name="java.version" value="11.0.24"/>
    <property name="user.dir" value="C:\Users\Asus\Downloads\auxalis"/>
    <property name="os.arch" value="amd64"/>
    <property name="java.vm.specification.name" value="Java Virtual Machine Specification"/>
    <property name="java.awt.printerjob" value="sun.awt.windows.WPrinterJob"/>
    <property name="sun.os.patch.level" value=""/>
    <property name="java.library.path" value="C:\Program Files\Java\jdk-11\bin;C:\WINDOWS\Sun\Java\bin;C:\WINDOWS\system32;C:\WINDOWS;C:\ProgramData\miniconda3\condabin;C:\Program Files\Common Files\Oracle\Java\javapath;C:\Program Files (x86)\Razer Chroma SDK\bin;C:\Program Files\Razer Chroma SDK\bin;C:\Program Files (x86)\Razer\ChromaBroadcast\bin;C:\Program Files\Razer\ChromaBroadcast\bin;C:\Program Files (x86)\Common Files\Intel\Shared Libraries\redist\intel64\compiler;C:\ProgramData\Oracle\Java\javapath;C:\WINDOWS\system32;C:\WINDOWS;C:\WINDOWS\System32\Wbem;C:\WINDOWS\System32\WindowsPowerShell\v1.0\;C:\WINDOWS\System32\OpenSSH\;C:\Program Files\Git\cmd;C:\ProgramData\chocolatey\bin;C:\Program Files\dotnet\;C:\WINDOWS\system32;C:\WINDOWS;C:\WINDOWS\System32\Wbem;C:\WINDOWS\System32\WindowsPowerShell\v1.0\;C:\WINDOWS\System32\OpenSSH\;C:\Program Files (x86)\NVIDIA Corporation\PhysX\Common;C:\WINDOWS\system32\config\systemprofile\AppData\Local\Microsoft\WindowsApps;C:\Program Files (x86)\ZeroTier\One\;C:\Program Files (x86)\dotnet\;C:\Program Files\Cloudflare\Cloudflare WARP\;C:\Program Files\nodejs\;C:\Users\Asus\AppData\Local\Programs\Python\Python312\Scripts\;C:\Users\Asus\AppData\Local\Programs\Python\Python312\;C:\Users\Asus\AppData\Local\Programs\Python\Python39\Scripts\;C:\Users\Asus\AppData\Local\Programs\Python\Python39\;C:\Users\Asus\AppData\Local\Programs\Python\Python310\Scripts\;C:\Users\Asus\AppData\Local\Programs\Python\Python310\;C:\Users\Asus\AppData\Local\Microsoft\WindowsApps;C:\Users\Asus\AppData\Local\Programs\Microsoft VS Code\bin;C:\msys64\mingw64\bin;C:\msys64\mingw64\x86_64-w64-mingw32\bin;C:\MinGW\bin;C:\ffmpeg\bin;C:\src\flutter\bin;C:\tools\dart-sdk\bin;C:\Users\Asus\AppData\Roaming\Pub\Cache\bin;C:\ProgramData\miniconda3\Scripts;C:\Users\Asus\AppData\Roaming\npm;C:\apache-maven-3.9.9\bin;C:\Users\Asus\AppData\Roaming\npm;;."/>
    <property name="java.vendor" value="Oracle Corporation"/>
    <property name="java.vm.info" value="mixed mode"/>
    <property name="java.vm.version" value="11.0.24+7-LTS-271"/>
    <property name="java.specification.maintenance.version" value="2"/>
    <property name="sun.io.unicode.encoding" value="UnicodeLittle"/>
    <property name="java.class.version" value="55.0"/>
  </properties>
  <testcase name="testCorpus" classname="com.tanishk.auxalis.TestConstellationCorpus" time="0.0"/>
</testsuite>